# JRE version: OpenJDK Runtime Environment (25.0.3) (build 25.0.3+-15898627-b508.16)
# Java VM: OpenJDK 64-Bit Server VM (25.0.3+-15898627-b508.16, mixed mode, tiered, compressed oops, compressed class ptrs, g1 gc, windows-amd64)
GC Precious Log:
 CardTable entry size: 512
 Card Set container configuration: InlinePtr #cards 5 size 8 Array Of Cards #cards 10 size 36 Howl #buckets 4 coarsen threshold 1843 Howl Bitmap #cards 512 size 80 coarsen threshold 460 Card regions per heap region 1 cards per card region 2048
 CPUs: 16 total, 16 available
 Memory: 16085M
 Large Page Support: Disabled
 NUMA Support: Disabled
 Compressed Oops: Enabled (32-bit)
 Heap Region Size: 1M
 Heap Min Capacity: 8M
 Heap Initial Capacity: 252M
 Heap Max Capacity: 2G
 Pre-touch: Disabled
 Parallel Workers: 13
 Concurrent Workers: 3
 Concurrent Refinement Workers: 13
 Periodic GC: Disabled
Heap:
 garbage-first heap   total reserved 2097152K, committed 150528K, used 81455K [0x0000000080000000, 0x0000000100000000)
  region size 1024K, 1 young (1024K), 1 survivors (1024K)
GC Heap Usage History (20 events):
Event: 4.301 {heap After GC invocations=16 (full 0):
 garbage-first heap   total reserved 2097152K, committed 118784K, used 69229K [0x0000000080000000, 0x0000000100000000)
  region size 1024K, 3 young (3072K), 3 survivors (3072K)
}
Event: 4.623 {heap Before GC invocations=16 (full 0):
 garbage-first heap   total reserved 2097152K, committed 118784K, used 106093K [0x0000000080000000, 0x0000000100000000)
  region size 1024K, 39 young (39936K), 3 survivors (3072K)
}
Event: 4.626 {heap After GC invocations=17 (full 0):
 garbage-first heap   total reserved 2097152K, committed 118784K, used 70642K [0x0000000080000000, 0x0000000100000000)
  region size 1024K, 4 young (4096K), 4 survivors (4096K)
}
Event: 4.887 {heap Before GC invocations=17 (full 0):
 garbage-first heap   total reserved 2097152K, committed 118784K, used 108530K [0x0000000080000000, 0x0000000100000000)
  region size 1024K, 41 young (41984K), 4 survivors (4096K)
}
Event: 4.890 {heap After GC invocations=18 (full 0):
 garbage-first heap   total reserved 2097152K, committed 118784K, used 73139K [0x0000000080000000, 0x0000000100000000)
  region size 1024K, 5 young (5120K), 5 survivors (5120K)
}
Event: 5.244 {heap Before GC invocations=19 (full 0):
 garbage-first heap   total reserved 2097152K, committed 124928K, used 107955K [0x0000000080000000, 0x0000000100000000)
  region size 1024K, 39 young (39936K), 5 survivors (5120K)
}
Event: 5.248 {heap After GC invocations=20 (full 0):
 garbage-first heap   total reserved 2097152K, committed 124928K, used 76225K [0x0000000080000000, 0x0000000100000000)
  region size 1024K, 5 young (5120K), 5 survivors (5120K)
}
Event: 5.358 {heap Before GC invocations=20 (full 0):
 garbage-first heap   total reserved 2097152K, committed 124928K, used 113089K [0x0000000080000000, 0x0000000100000000)
  region size 1024K, 42 young (43008K), 5 survivors (5120K)
}
Event: 5.363 {heap After GC invocations=21 (full 0):
 garbage-first heap   total reserved 2097152K, committed 124928K, used 78486K [0x0000000080000000, 0x0000000100000000)
  region size 1024K, 6 young (6144K), 6 survivors (6144K)
}
Event: 5.435 {heap Before GC invocations=21 (full 0):
 garbage-first heap   total reserved 2097152K, committed 124928K, used 114326K [0x0000000080000000, 0x0000000100000000)
  region size 1024K, 42 young (43008K), 6 survivors (6144K)
}
Event: 6.441 {heap After GC invocations=22 (full 0):
 garbage-first heap   total reserved 2097152K, committed 150528K, used 80179K [0x0000000080000000, 0x0000000100000000)
  region size 1024K, 5 young (5120K), 5 survivors (5120K)
}
Event: 6.451 {heap Before GC invocations=22 (full 0):
 garbage-first heap   total reserved 2097152K, committed 150528K, used 82227K [0x0000000080000000, 0x0000000100000000)
  region size 1024K, 7 young (7168K), 5 survivors (5120K)
}
Event: 6.453 {heap After GC invocations=23 (full 0):
 garbage-first heap   total reserved 2097152K, committed 150528K, used 80706K [0x0000000080000000, 0x0000000100000000)
  region size 1024K, 1 young (1024K), 1 survivors (1024K)
}
Event: 6.468 {heap Before GC invocations=23 (full 0):
 garbage-first heap   total reserved 2097152K, committed 150528K, used 86850K [0x0000000080000000, 0x0000000100000000)
  region size 1024K, 7 young (7168K), 1 survivors (1024K)
}
Event: 6.469 {heap After GC invocations=24 (full 0):
 garbage-first heap   total reserved 2097152K, committed 150528K, used 80698K [0x0000000080000000, 0x0000000100000000)
  region size 1024K, 1 young (1024K), 1 survivors (1024K)
}
Event: 6.488 {heap Before GC invocations=25 (full 0):
 garbage-first heap   total reserved 2097152K, committed 150528K, used 86842K [0x0000000080000000, 0x0000000100000000)
  region size 1024K, 7 young (7168K), 1 survivors (1024K)
}
Event: 6.489 {heap After GC invocations=26 (full 0):
 garbage-first heap   total reserved 2097152K, committed 150528K, used 81204K [0x0000000080000000, 0x0000000100000000)
  region size 1024K, 1 young (1024K), 1 survivors (1024K)
}
Event: 6.503 {heap Before GC invocations=26 (full 0):
 garbage-first heap   total reserved 2097152K, committed 150528K, used 86324K [0x0000000080000000, 0x0000000100000000)
  region size 1024K, 7 young (7168K), 1 survivors (1024K)
}
Event: 6.505 {heap After GC invocations=27 (full 0):
 garbage-first heap   total reserved 2097152K, committed 150528K, used 81360K [0x0000000080000000, 0x0000000100000000)
  region size 1024K, 1 young (1024K), 1 survivors (1024K)
}
Event: 6.524 {heap Before GC invocations=27 (full 0):
 garbage-first heap   total reserved 2097152K, committed 150528K, used 86480K [0x0000000080000000, 0x0000000100000000)
  region size 1024K, 7 young (7168K), 1 survivors (1024K)
}

