# JRE version: OpenJDK Runtime Environment (25.0.3) (build 25.0.3+-15898627-b508.16)
# Java VM: OpenJDK 64-Bit Server VM (25.0.3+-15898627-b508.16, mixed mode, tiered, compressed oops, compressed class ptrs, g1 gc, windows-amd64)
GC Precious Log:
 CardTable entry size: 512
 Card Set container configuration: InlinePtr #cards 5 size 8 Array Of Cards #cards 10 size 36 Howl #buckets 4 coarsen threshold 1843 Howl Bitmap #cards 512 size 80 coarsen threshold 460 Card regions per heap region 1 cards per card region 2048
 CPUs: 16 total, 16 available
 Memory: 16085M
 Large Page Support: Disabled
 NUMA Support: Disabled
 Compressed Oops: Enabled (32-bit)
 Heap Region Size: 1M
 Heap Min Capacity: 8M
 Heap Initial Capacity: 252M
 Heap Max Capacity: 2G
 Pre-touch: Disabled
 Parallel Workers: 13
 Concurrent Workers: 3
 Concurrent Refinement Workers: 13
 Periodic GC: Disabled
Heap:
 garbage-first heap   total reserved 2097152K, committed 112640K, used 88444K [0x0000000080000000, 0x0000000100000000)
  region size 1024K, 32 young (32768K), 5 survivors (5120K)
GC Heap Usage History (20 events):
Event: 2.307 {heap Before GC invocations=4 (full 0):
 garbage-first heap   total reserved 2097152K, committed 89088K, used 61874K [0x0000000080000000, 0x0000000100000000)
  region size 1024K, 49 young (50176K), 11 survivors (11264K)
}
Event: 2.311 {heap After GC invocations=5 (full 0):
 garbage-first heap   total reserved 2097152K, committed 89088K, used 26751K [0x0000000080000000, 0x0000000100000000)
  region size 1024K, 6 young (6144K), 6 survivors (6144K)
}
Event: 2.366 {heap Before GC invocations=5 (full 0):
 garbage-first heap   total reserved 2097152K, committed 89088K, used 33919K [0x0000000080000000, 0x0000000100000000)
  region size 1024K, 14 young (14336K), 6 survivors (6144K)
}
Event: 2.369 {heap After GC invocations=6 (full 0):
 garbage-first heap   total reserved 2097152K, committed 89088K, used 27295K [0x0000000080000000, 0x0000000100000000)
  region size 1024K, 4 young (4096K), 4 survivors (4096K)
}
Event: 2.636 {heap Before GC invocations=7 (full 0):
 garbage-first heap   total reserved 2097152K, committed 89088K, used 70303K [0x0000000080000000, 0x0000000100000000)
  region size 1024K, 45 young (46080K), 4 survivors (4096K)
}
Event: 2.639 {heap After GC invocations=8 (full 0):
 garbage-first heap   total reserved 2097152K, committed 89088K, used 28951K [0x0000000080000000, 0x0000000100000000)
  region size 1024K, 5 young (5120K), 5 survivors (5120K)
}
Event: 3.129 {heap Before GC invocations=8 (full 0):
 garbage-first heap   total reserved 2097152K, committed 89088K, used 77079K [0x0000000080000000, 0x0000000100000000)
  region size 1024K, 47 young (48128K), 5 survivors (5120K)
}
Event: 3.133 {heap After GC invocations=9 (full 0):
 garbage-first heap   total reserved 2097152K, committed 89088K, used 38722K [0x0000000080000000, 0x0000000100000000)
  region size 1024K, 6 young (6144K), 6 survivors (6144K)
}
Event: 3.459 {heap Before GC invocations=9 (full 0):
 garbage-first heap   total reserved 2097152K, committed 89088K, used 78658K [0x0000000080000000, 0x0000000100000000)
  region size 1024K, 41 young (41984K), 6 survivors (6144K)
}
Event: 3.462 {heap After GC invocations=10 (full 0):
 garbage-first heap   total reserved 2097152K, committed 89088K, used 46827K [0x0000000080000000, 0x0000000100000000)
  region size 1024K, 4 young (4096K), 4 survivors (4096K)
}
Event: 3.628 {heap Before GC invocations=10 (full 0):
 garbage-first heap   total reserved 2097152K, committed 89088K, used 77547K [0x0000000080000000, 0x0000000100000000)
  region size 1024K, 34 young (34816K), 4 survivors (4096K)
}
Event: 3.631 {heap After GC invocations=11 (full 0):
 garbage-first heap   total reserved 2097152K, committed 89088K, used 48789K [0x0000000080000000, 0x0000000100000000)
  region size 1024K, 2 young (2048K), 2 survivors (2048K)
}
Event: 3.869 {heap Before GC invocations=12 (full 0):
 garbage-first heap   total reserved 2097152K, committed 89088K, used 78485K [0x0000000080000000, 0x0000000100000000)
  region size 1024K, 32 young (32768K), 2 survivors (2048K)
}
Event: 3.871 {heap After GC invocations=13 (full 0):
 garbage-first heap   total reserved 2097152K, committed 89088K, used 51359K [0x0000000080000000, 0x0000000100000000)
  region size 1024K, 4 young (4096K), 4 survivors (4096K)
}
Event: 4.114 {heap Before GC invocations=13 (full 0):
 garbage-first heap   total reserved 2097152K, committed 89088K, used 83103K [0x0000000080000000, 0x0000000100000000)
  region size 1024K, 32 young (32768K), 4 survivors (4096K)
}
Event: 4.117 {heap After GC invocations=14 (full 0):
 garbage-first heap   total reserved 2097152K, committed 93184K, used 57183K [0x0000000080000000, 0x0000000100000000)
  region size 1024K, 4 young (4096K), 4 survivors (4096K)
}
Event: 4.350 {heap Before GC invocations=14 (full 0):
 garbage-first heap   total reserved 2097152K, committed 93184K, used 83807K [0x0000000080000000, 0x0000000100000000)
  region size 1024K, 30 young (30720K), 4 survivors (4096K)
}
Event: 4.352 {heap After GC invocations=15 (full 0):
 garbage-first heap   total reserved 2097152K, committed 112640K, used 59252K [0x0000000080000000, 0x0000000100000000)
  region size 1024K, 2 young (2048K), 2 survivors (2048K)
}
Event: 4.745 {heap Before GC invocations=16 (full 0):
 garbage-first heap   total reserved 2097152K, committed 112640K, used 100212K [0x0000000080000000, 0x0000000100000000)
  region size 1024K, 42 young (43008K), 2 survivors (2048K)
}
Event: 4.747 {heap After GC invocations=17 (full 0):
 garbage-first heap   total reserved 2097152K, committed 112640K, used 61820K [0x0000000080000000, 0x0000000100000000)
  region size 1024K, 5 young (5120K), 5 survivors (5120K)
}

